mode: set
ad_integration/internal/auth/service/auth.go:34.88,39.2 1 1
ad_integration/internal/auth/service/auth.go:45.28,47.59 1 1
ad_integration/internal/auth/service/auth.go:47.59,49.3 1 1
ad_integration/internal/auth/service/auth.go:51.2,53.16 3 1
ad_integration/internal/auth/service/auth.go:53.16,55.3 1 0
ad_integration/internal/auth/service/auth.go:57.2,57.22 1 1
ad_integration/internal/auth/service/auth.go:57.22,59.3 1 0
ad_integration/internal/auth/service/auth.go:60.2,60.30 1 1
ad_integration/internal/auth/service/auth.go:60.30,62.3 1 0
ad_integration/internal/auth/service/auth.go:64.2,65.42 2 1
ad_integration/internal/auth/service/auth.go:65.42,67.3 1 0
ad_integration/internal/auth/service/auth.go:69.2,69.49 1 1
ad_integration/internal/auth/service/auth.go:69.49,71.3 1 0
ad_integration/internal/auth/service/auth.go:73.2,77.50 4 1
ad_integration/internal/auth/service/auth.go:77.50,79.21 2 1
ad_integration/internal/auth/service/auth.go:79.21,82.4 2 1
ad_integration/internal/auth/service/auth.go:84.2,92.18 3 1
ad_integration/internal/auth/service/ldap.go:27.64,29.16 2 0
ad_integration/internal/auth/service/ldap.go:29.16,31.3 1 0
ad_integration/internal/auth/service/ldap.go:34.2,34.16 1 0
ad_integration/internal/auth/service/ldap.go:34.16,39.17 2 0
ad_integration/internal/auth/service/ldap.go:39.17,41.4 1 0
ad_integration/internal/auth/service/ldap.go:42.3,43.10 2 0
ad_integration/internal/auth/service/ldap.go:43.10,45.4 1 0
ad_integration/internal/auth/service/ldap.go:48.2,53.8 2 0
ad_integration/internal/auth/service/ldap.go:56.64,58.16 2 0
ad_integration/internal/auth/service/ldap.go:58.16,61.10 3 0
ad_integration/internal/auth/service/ldap.go:61.10,63.4 1 0
ad_integration/internal/auth/service/ldap.go:65.3,65.62 1 0
ad_integration/internal/auth/service/ldap.go:65.62,68.11 2 0
ad_integration/internal/auth/service/ldap.go:69.57,70.41 1 0
ad_integration/internal/auth/service/ldap.go:72.56,73.39 1 0
ad_integration/internal/auth/service/ldap.go:75.12,76.41 1 0
ad_integration/internal/auth/service/ldap.go:80.2,80.12 1 0
ad_integration/internal/auth/service/ldap.go:83.106,96.16 3 0
ad_integration/internal/auth/service/ldap.go:96.16,98.3 1 0
ad_integration/internal/auth/service/ldap.go:100.2,100.36 1 0
ad_integration/internal/auth/service/ldap.go:100.36,102.3 1 0
ad_integration/internal/auth/service/ldap.go:104.2,111.34 3 0
ad_integration/internal/auth/service/ldap.go:111.34,113.3 1 0
ad_integration/internal/auth/service/ldap.go:115.2,115.21 1 0
